<?xml version="1.0" encoding="UTF-8" ?>
<<<<<<< HEAD
<testsuite tests="2" failures="0" name="Entity.ValidatorTest.ProjectValidationTest" time="2.564" errors="0" skipped="0">
=======
<testsuite tests="2" failures="0" name="Entity.ValidatorTest.ProjectValidationTest" time="13.151" errors="0" skipped="0">
>>>>>>> 68049a572510c7b827b66bd4b912d1ac0c6c540d
  <properties>
    <property name="java.runtime.name" value="Java(TM) SE Runtime Environment"/>
    <property name="sun.boot.library.path" value="/home/deecarneiro/jdk1.8.0_111/jre/lib/amd64"/>
    <property name="java.vm.version" value="25.111-b14"/>
    <property name="java.vm.vendor" value="Oracle Corporation"/>
    <property name="java.vendor.url" value="http://java.oracle.com/"/>
    <property name="path.separator" value=":"/>
    <property name="guice.disable.misplaced.annotation.check" value="true"/>
    <property name="java.vm.name" value="Java HotSpot(TM) 64-Bit Server VM"/>
    <property name="file.encoding.pkg" value="sun.io"/>
    <property name="user.country" value="BR"/>
    <property name="sun.java.launcher" value="SUN_STANDARD"/>
<<<<<<< HEAD
    <property name="sun.os.patch.level" value="unknown"/>
    <property name="test" value="Entity.ValidatorTest.**.*Test"/>
    <property name="java.vm.specification.name" value="Java Virtual Machine Specification"/>
    <property name="user.dir" value="/home/deecarneiro/Ductum-V1"/>
    <property name="java.runtime.version" value="1.8.0_111-b14"/>
    <property name="java.awt.graphicsenv" value="sun.awt.X11GraphicsEnvironment"/>
    <property name="java.endorsed.dirs" value="/home/deecarneiro/jdk1.8.0_111/jre/lib/endorsed"/>
=======
    <property name="sun.os.patch.level" value=""/>
    <property name="test" value="${packageClassName}"/>
    <property name="java.vm.specification.name" value="Java Virtual Machine Specification"/>
    <property name="user.dir" value="C:\Users\Deyse\Desktop\Ductum-V1"/>
    <property name="java.runtime.version" value="1.8.0_191-b12"/>
    <property name="java.awt.graphicsenv" value="sun.awt.Win32GraphicsEnvironment"/>
    <property name="java.endorsed.dirs" value="C:\Program Files\Java\jdk1.8.0_191\jre\lib\endorsed"/>
>>>>>>> 68049a572510c7b827b66bd4b912d1ac0c6c540d
    <property name="os.arch" value="amd64"/>
    <property name="java.io.tmpdir" value="/tmp"/>
    <property name="line.separator" value="
"/>
    <property name="java.vm.specification.vendor" value="Oracle Corporation"/>
<<<<<<< HEAD
    <property name="os.name" value="Linux"/>
    <property name="maven.ext.class.path" value="/home/deecarneiro/netbeans-8.2/java/maven-nblib/netbeans-eventspy.jar"/>
    <property name="classworlds.conf" value="/home/deecarneiro/netbeans-8.2/java/maven/bin/m2.conf"/>
    <property name="sun.jnu.encoding" value="UTF-8"/>
    <property name="java.library.path" value="/home/deecarneiro/jdk1.8.0_111/jre/lib/amd64:/home/deecarneiro/jdk1.8.0_111/jre/lib/i386::/usr/java/packages/lib/amd64:/usr/lib64:/lib64:/lib:/usr/lib"/>
=======
    <property name="user.variant" value=""/>
    <property name="os.name" value="Windows 10"/>
    <property name="maven.ext.class.path" value="C:\Program Files\NetBeans 8.2\java\maven-nblib\netbeans-eventspy.jar"/>
    <property name="classworlds.conf" value="C:\Program Files\NetBeans 8.2\java\maven\bin\m2.conf"/>
    <property name="sun.jnu.encoding" value="Cp1252"/>
    <property name="java.library.path" value="C:\Program Files\Java\jdk1.8.0_191\bin;C:\WINDOWS\Sun\Java\bin;C:\WINDOWS\system32;C:\WINDOWS;C:\Python27\;C:\Python27\Scripts;C:\ProgramData\Oracle\Java\javapath;C:\Python37\Scripts\;C:\Python37\;C:\Program Files (x86)\Intel\Intel(R) Management Engine Components\iCLS\;C:\Program Files\Intel\Intel(R) Management Engine Components\iCLS\;C:\WINDOWS\system32;C:\WINDOWS;C:\WINDOWS\System32\Wbem;C:\WINDOWS\System32\WindowsPowerShell\v1.0\;C:\Program Files (x86)\Intel\Intel(R) Management Engine Components\DAL;C:\Program Files\Intel\Intel(R) Management Engine Components\DAL;C:\Program Files (x86)\Intel\Intel(R) Management Engine Components\IPT;C:\Program Files\Intel\Intel(R) Management Engine Components\IPT;C:\WINDOWS\System32\OpenSSH\;C:\Program Files\Git\cmd;C:\ProgramData\chocolatey\bin;C:\Program Files\Java\jdk1.8.0_191\bin;C:\Strawberry\c\bin;C:\Strawberry\perl\site\bin;C:\Strawberry\perl\bin;C:\Program Files (x86)\Lua\5.1;C:\Program Files (x86)\Lua\5.1\clibs;C:\Program Files\Calibre2\;C:\Program Files\dotnet\;C:\Program Files\Microsoft SQL Server\130\Tools\Binn\;C:\Program Files\Microsoft SQL Server\Client SDK\ODBC\170\Tools\Binn\;C:\Users\Deyse\AppData\Roaming\npm;C:\Program Files (x86)\Yarn\bin\;C:\Users\Deyse\AppData\Roaming\nvm;C:\Program Files\nodejs;C:\Program Files\nodejs\;C:\Program Files\Gradle\gradle-5.6.2\bin;C:\Program Files\MySQL\MySQL Server 8.0\bin;C:\Users\Deyse\AppData\Local\Programs\Microsoft VS Code\bin;node_modules\npm\bin;C:\Users\Deyse\node_modules;C:\Users\Deyse\AppData\Roaming\npm\node_modules;C:\Users\Deyse\AppData\Local\Yarn\bin;C:\Program Files\Docker Toolbox;C:\Users\Deyse\AppData\Roaming\nvm;C:\Program Files\nodejs;C:\Users\Deyse\AppData\Local\GitHubDesktop\bin;C:\Users\Deyse\AppData\Local\Microsoft\WindowsApps;C:\Users\Deyse\AppData\Roaming\npm;."/>
>>>>>>> 68049a572510c7b827b66bd4b912d1ac0c6c540d
    <property name="java.specification.name" value="Java Platform API Specification"/>
    <property name="java.class.version" value="52.0"/>
    <property name="sun.management.compiler" value="HotSpot 64-Bit Tiered Compilers"/>
    <property name="os.version" value="5.0.0-32-generic"/>
    <property name="user.home" value="/home/deecarneiro"/>
    <property name="user.timezone" value="America/Recife"/>
    <property name="java.awt.printerjob" value="sun.print.PSPrinterJob"/>
    <property name="java.specification.version" value="1.8"/>
    <property name="file.encoding" value="UTF-8"/>
    <property name="user.name" value="deecarneiro"/>
    <property name="java.class.path" value="/home/deecarneiro/netbeans-8.2/java/maven/boot/plexus-classworlds-2.4.jar"/>
    <property name="java.vm.specification.version" value="1.8"/>
    <property name="sun.arch.data.model" value="64"/>
<<<<<<< HEAD
    <property name="java.home" value="/home/deecarneiro/jdk1.8.0_111/jre"/>
    <property name="sun.java.command" value="org.codehaus.plexus.classworlds.launcher.Launcher -Dtest=Entity.ValidatorTest.**.*Test -Dmaven.ext.class.path=/home/deecarneiro/netbeans-8.2/java/maven-nblib/netbeans-eventspy.jar surefire:test"/>
=======
    <property name="java.home" value="C:\Program Files\Java\jdk1.8.0_191\jre"/>
    <property name="sun.java.command" value="org.codehaus.plexus.classworlds.launcher.Launcher -Dtest=${packageClassName} -Dmaven.ext.class.path=C:\Program Files\NetBeans 8.2\java\maven-nblib\netbeans-eventspy.jar -Dfile.encoding=UTF-8 surefire:test"/>
>>>>>>> 68049a572510c7b827b66bd4b912d1ac0c6c540d
    <property name="java.specification.vendor" value="Oracle Corporation"/>
    <property name="user.language" value="pt"/>
    <property name="awt.toolkit" value="sun.awt.X11.XToolkit"/>
    <property name="java.vm.info" value="mixed mode"/>
    <property name="java.version" value="1.8.0_111"/>
    <property name="java.ext.dirs" value="/home/deecarneiro/jdk1.8.0_111/jre/lib/ext:/usr/java/packages/lib/ext"/>
    <property name="securerandom.source" value="file:/dev/./urandom"/>
    <property name="sun.boot.class.path" value="/home/deecarneiro/jdk1.8.0_111/jre/lib/resources.jar:/home/deecarneiro/jdk1.8.0_111/jre/lib/rt.jar:/home/deecarneiro/jdk1.8.0_111/jre/lib/sunrsasign.jar:/home/deecarneiro/jdk1.8.0_111/jre/lib/jsse.jar:/home/deecarneiro/jdk1.8.0_111/jre/lib/jce.jar:/home/deecarneiro/jdk1.8.0_111/jre/lib/charsets.jar:/home/deecarneiro/jdk1.8.0_111/jre/lib/jfr.jar:/home/deecarneiro/jdk1.8.0_111/jre/classes"/>
    <property name="java.vendor" value="Oracle Corporation"/>
    <property name="maven.home" value="/home/deecarneiro/netbeans-8.2/java/maven"/>
    <property name="file.separator" value="/"/>
    <property name="java.vendor.url.bug" value="http://bugreport.sun.com/bugreport/"/>
    <property name="sun.cpu.endian" value="little"/>
    <property name="sun.io.unicode.encoding" value="UnicodeLittle"/>
    <property name="sun.desktop" value="gnome"/>
    <property name="sun.cpu.isalist" value=""/>
  </properties>
<<<<<<< HEAD
  <testcase classname="Entity.ValidatorTest.ProjectValidationTest" name="persistirProjectInvalido" time="0.052"/>
  <testcase classname="Entity.ValidatorTest.ProjectValidationTest" name="atualizarProjectInvalido" time="0.011"/>
=======
  <testcase classname="Entity.ValidatorTest.ProjectValidationTest" name="persistirProjectInvalido" time="0.004"/>
  <testcase classname="Entity.ValidatorTest.ProjectValidationTest" name="atualizarProjectInvalido" time="0.009"/>
>>>>>>> 68049a572510c7b827b66bd4b912d1ac0c6c540d
</testsuite>